<?xml version="1.0" encoding="UTF-8"?>
<!-- Generated by org.testng.reporters.JUnitReportReporter -->
<testsuite hostname="DESKTOP-COTHTFU" failures="0" tests="1" name="testCases.MainClass" time="47.525" errors="0" timestamp="2023-04-03T21:10:23 EDT" skipped="0">
  <testcase classname="testCases.MainClass" name="readAddressWritePrice" time="47.525"/>
  <system-out/>
</testsuite> <!-- testCases.MainClass -->
